<?xml version="1.0" encoding="UTF-8"?>
<!-- Generated by org.testng.reporters.JUnitReportReporter -->
<testsuite hostname="LAPTOP-G5GFPRHL" failures="0" tests="1" name="automationtesting.HandlePopUps" time="7.077" errors="0" timestamp="2024-04-01T11:46:56 IST" skipped="0">
  <testcase classname="automationtesting.HandlePopUps" name="Test1" time="7.077"/>
</testsuite> <!-- automationtesting.HandlePopUps -->
