<?xml version="1.0" encoding="UTF-8"?>
<!-- Generated by org.testng.reporters.JUnitReportReporter -->
<testsuite hostname="LAPTOP-G5GFPRHL" failures="0" tests="1" name="automationtesting.Annotations" time="8.130" errors="0" timestamp="2024-03-28T11:02:42 IST" skipped="0">
  <testcase classname="automationtesting.Annotations" name="Testcase1" time="8.130"/>
</testsuite> <!-- automationtesting.Annotations -->
